Replace Part C1 Cap Semi in C:\Users\akshd\Desktop\UVIC Hybrid team\Canduino\Candunio.SchDoc with Cap Semi from Candunio.IntLib
Replace Part C2 Cap Semi in C:\Users\akshd\Desktop\UVIC Hybrid team\Canduino\Candunio.SchDoc with Cap Semi from Candunio.IntLib
Replace Part C3 Cap Semi in C:\Users\akshd\Desktop\UVIC Hybrid team\Canduino\Candunio.SchDoc with Cap Semi from Candunio.IntLib
Replace Part C4 Cap Semi in C:\Users\akshd\Desktop\UVIC Hybrid team\Canduino\Candunio.SchDoc with Cap Semi from Candunio.IntLib
Replace Part C5 Cap Semi in C:\Users\akshd\Desktop\UVIC Hybrid team\Canduino\Candunio.SchDoc with Cap Semi from Candunio.IntLib
Replace Part C6 Cap Semi in C:\Users\akshd\Desktop\UVIC Hybrid team\Canduino\Candunio.SchDoc with Cap Semi from Candunio.IntLib
Replace Part C7 Cap Semi in C:\Users\akshd\Desktop\UVIC Hybrid team\Canduino\Candunio.SchDoc with Cap Semi from Candunio.IntLib
Replace Part C8 Cap Semi in C:\Users\akshd\Desktop\UVIC Hybrid team\Canduino\Candunio.SchDoc with Cap Semi from Candunio.IntLib
Replace Part C9 Cap Semi in C:\Users\akshd\Desktop\UVIC Hybrid team\Canduino\Candunio.SchDoc with Cap Semi from Candunio.IntLib
Replace Part C10 Cap Semi in C:\Users\akshd\Desktop\UVIC Hybrid team\Canduino\Candunio.SchDoc with Cap Semi from Candunio.IntLib
Replace Part C11 Cap Semi in C:\Users\akshd\Desktop\UVIC Hybrid team\Canduino\Candunio.SchDoc with Cap Semi from Candunio.IntLib
Replace Part D1 LED2_2 in C:\Users\akshd\Desktop\UVIC Hybrid team\Canduino\Candunio.SchDoc with LED2_2 from Candunio.IntLib
Replace Part D2 LED2 in C:\Users\akshd\Desktop\UVIC Hybrid team\Canduino\Candunio.SchDoc with LED2 from Candunio.IntLib
Replace Part D3 LED2_1 in C:\Users\akshd\Desktop\UVIC Hybrid team\Canduino\Candunio.SchDoc with LED2_1 from Candunio.IntLib
Replace Part D4 Diode in C:\Users\akshd\Desktop\UVIC Hybrid team\Canduino\Candunio.SchDoc with Diode from Candunio.IntLib
Replace Part D5 LED2_1 in C:\Users\akshd\Desktop\UVIC Hybrid team\Canduino\Candunio.SchDoc with LED2_1 from Candunio.IntLib
Replace Part D6 LED2_1 in C:\Users\akshd\Desktop\UVIC Hybrid team\Canduino\Candunio.SchDoc with LED2_1 from Candunio.IntLib
Replace Part D7 LED2_1 in C:\Users\akshd\Desktop\UVIC Hybrid team\Canduino\Candunio.SchDoc with LED2_1 from Candunio.IntLib
Replace Part F1 Fuse 2 in C:\Users\akshd\Desktop\UVIC Hybrid team\Canduino\Candunio.SchDoc with Fuse 2 from Candunio.IntLib
Replace Part P1 Header 3X2A in C:\Users\akshd\Desktop\UVIC Hybrid team\Canduino\Candunio.SchDoc with Header 3X2A from Candunio.IntLib
Replace Part P3 Header 2 in C:\Users\akshd\Desktop\UVIC Hybrid team\Canduino\Candunio.SchDoc with Header 2 from Candunio.IntLib
Replace Part R1 Res1 in C:\Users\akshd\Desktop\UVIC Hybrid team\Canduino\Candunio.SchDoc with Res1 from Candunio.IntLib
Replace Part R2 Res1 in C:\Users\akshd\Desktop\UVIC Hybrid team\Canduino\Candunio.SchDoc with Res1 from Candunio.IntLib
Replace Part R3 Res1 in C:\Users\akshd\Desktop\UVIC Hybrid team\Canduino\Candunio.SchDoc with Res1 from Candunio.IntLib
Replace Part R4 Res1 in C:\Users\akshd\Desktop\UVIC Hybrid team\Canduino\Candunio.SchDoc with Res1 from Candunio.IntLib
Replace Part R5 Res1 in C:\Users\akshd\Desktop\UVIC Hybrid team\Canduino\Candunio.SchDoc with Res1 from Candunio.IntLib
Replace Part R6 Res1 in C:\Users\akshd\Desktop\UVIC Hybrid team\Canduino\Candunio.SchDoc with Res1 from Candunio.IntLib
Replace Part R7 Res1 in C:\Users\akshd\Desktop\UVIC Hybrid team\Canduino\Candunio.SchDoc with Res1 from Candunio.IntLib
Replace Part R8 Res1 in C:\Users\akshd\Desktop\UVIC Hybrid team\Canduino\Candunio.SchDoc with Res1 from Candunio.IntLib
Replace Part R9 Res1 in C:\Users\akshd\Desktop\UVIC Hybrid team\Canduino\Candunio.SchDoc with Res1 from Candunio.IntLib
Replace Part R10 Res1 in C:\Users\akshd\Desktop\UVIC Hybrid team\Canduino\Candunio.SchDoc with Res1 from Candunio.IntLib
Replace Part R11 Res1 in C:\Users\akshd\Desktop\UVIC Hybrid team\Canduino\Candunio.SchDoc with Res1 from Candunio.IntLib
Replace Part R12 Res1 in C:\Users\akshd\Desktop\UVIC Hybrid team\Canduino\Candunio.SchDoc with Res1 from Candunio.IntLib
Replace Part S1 SW-PB in C:\Users\akshd\Desktop\UVIC Hybrid team\Canduino\Candunio.SchDoc with SW-PB from Candunio.IntLib
Replace Part U1 ATmega328P-AU in C:\Users\akshd\Desktop\UVIC Hybrid team\Canduino\Candunio.SchDoc with ATmega328P-AU from Candunio.IntLib
Replace Part U3 MCP2551-E/SN in C:\Users\akshd\Desktop\UVIC Hybrid team\Canduino\Candunio.SchDoc with MCP2551-E/SN from Candunio.IntLib
Replace Part U5 MCP2515-E/ST in C:\Users\akshd\Desktop\UVIC Hybrid team\Canduino\Candunio.SchDoc with MCP2515-E/ST from Candunio.IntLib
Replace Part Y1 CSTCE16M0V53-R0 in C:\Users\akshd\Desktop\UVIC Hybrid team\Canduino\Candunio.SchDoc with CSTCE16M0V53-R0 from Candunio.IntLib
Replace Part Y2 CSTCE16M0V53-R0 in C:\Users\akshd\Desktop\UVIC Hybrid team\Canduino\Candunio.SchDoc with CSTCE16M0V53-R0 from Candunio.IntLib
