Added Component: Designator=D8(DO-220AA)
Add component. Clean all parameters for all variants
Add component (AddParameter): Name = "Code_JEDEC"; Value = "DO-214-AB"; VariantName = "[No Variations]"
Add component (AddParameter): Name = "LatestRevisionDate"; Value = "17-Jul-2002"; VariantName = "[No Variations]"
Add component (AddParameter): Name = "LatestRevisionNote"; Value = "Re-released for DXP Platform."; VariantName = "[No Variations]"
Add component (AddParameter): Name = "PackageDescription"; Value = "DO-214-AB/SMC; 2 C-Bend Leads; Body 7.9 x 5.9 mm, inc. leads (LxW)"; VariantName = "[No Variations]"
Add component (AddParameter): Name = "PackageReference"; Value = "SMC"; VariantName = "[No Variations]"
Add component (AddParameter): Name = "PackageVersion"; Value = "Sep-1996"; VariantName = "[No Variations]"
Add component (AddParameter): Name = "Published"; Value = "8-Jun-2000"; VariantName = "[No Variations]"
Add component (AddParameter): Name = "Publisher"; Value = "Altium Limited"; VariantName = "[No Variations]"
Add component (AddParameter): Name = "Supplier 1"; Value = "Digi-Key"; VariantName = "[No Variations]"
Add component (AddParameter): Name = "Supplier 2"; Value = "Digi-Key"; VariantName = "[No Variations]"
Add component (AddParameter): Name = "Supplier Part Number"; Value = "SS1P3L-M3/84AGICT-ND"; VariantName = "[No Variations]"
Added Component: Designator=D?(DO-220AA)
Add component. Clean all parameters for all variants
Add component (AddParameter): Name = "Datasheet Link"; Value = "https://www.vishay.com/docs/89290/as1pm.pdf"; VariantName = "[No Variations]"
Add component (AddParameter): Name = "Manufacturer_Name"; Value = "Vishay"; VariantName = "[No Variations]"
Add component (AddParameter): Name = "Manufacturer_Part_Number"; Value = "AS1PDHM3/84A"; VariantName = "[No Variations]"
Add component (AddParameter): Name = "Mouser Part Number"; Value = "625-AS1PDHM3/84A"; VariantName = "[No Variations]"
Add component (AddParameter): Name = "Mouser Price/Stock"; Value = "https://www.mouser.com/Search/Refine.aspx?Keyword=625-AS1PDHM3%2F84A"; VariantName = "[No Variations]"
Add component (AddParameter): Name = "RS Part Number"; Value = "8151042"; VariantName = "[No Variations]"
Add component (AddParameter): Name = "RS Price/Stock"; Value = "https://uk.rs-online.com/web/p/products/8151042"; VariantName = "[No Variations]"
Added Pin To Net: NetName=+12V_car Pin=D8-1
Added Pin To Net: NetName=+12V Pin=D8-2
Added Member To Class: ClassName=Candunio Member=Component D8 Diode
Added Member To Class: ClassName=Candunio Member=Component D? AS1PDHM3_84A
