Change Component Designator: OldDesignator=U? NewDesignator=U1
Added Component: Designator=C1(C0805)
Added Component: Designator=C1(C0805)
Added Component: Designator=C2(C1206)
Added Component: Designator=C2(C2512)
Added Component: Designator=C3(C2512)
Added Component: Designator=C4(C2512)
Added Component: Designator=C5(C0805)
Added Component: Designator=C6(C2512)
Added Component: Designator=C7(C2512)
Added Component: Designator=C8(C2512)
Added Component: Designator=D1(3.2X1.6X1.1)
Added Component: Designator=D2(SMC)
Added Component: Designator=D3(3.2X1.6X1.1)
Added Component: Designator=D4(3.2X1.6X1.1)
Added Component: Designator=F1(PIN-W2/E2.8)
Added Component: Designator=J1(1050170001)
Added Component: Designator=P1(HDR2X3_CEN)
Added Component: Designator=P2(HDR1X2)
Added Component: Designator=U2(MP04A_N)
Added Component: Designator=U4(SSOP-28_N)
Added Pin To Net: NetName=+3.3V Pin=C7-1
Added Pin To Net: NetName=+3.3V Pin=U4-17
Added Net: Name=+3.3V
Added Pin To Net: NetName=+5V Pin=C1-1
Added Pin To Net: NetName=+5V Pin=C2-1
Added Pin To Net: NetName=+5V Pin=C4-1
Added Pin To Net: NetName=+5V Pin=C5-1
Added Pin To Net: NetName=+5V Pin=C6-1
Added Pin To Net: NetName=+5V Pin=D1-1
Added Pin To Net: NetName=+5V Pin=D2-2
Added Pin To Net: NetName=+5V Pin=D3-1
Added Pin To Net: NetName=+5V Pin=D4-1
Added Pin To Net: NetName=+5V Pin=P1-4
Added Pin To Net: NetName=+5V Pin=U1-4
Added Pin To Net: NetName=+5V Pin=U1-6
Added Pin To Net: NetName=+5V Pin=U1-18
Added Pin To Net: NetName=+5V Pin=U2-2
Added Pin To Net: NetName=+5V Pin=U2-4
Added Pin To Net: NetName=+5V Pin=U4-4
Added Pin To Net: NetName=+5V Pin=U4-20
Added Net: Name=+5V
Added Net: Name=+12V
Added Pin To Net: NetName=ADC0 Pin=U1-23
Added Net: Name=ADC0
Added Pin To Net: NetName=ADC1 Pin=U1-24
Added Net: Name=ADC1
Added Pin To Net: NetName=ADC2 Pin=U1-25
Added Net: Name=ADC2
Added Pin To Net: NetName=ADC3 Pin=U1-26
Added Net: Name=ADC3
Added Pin To Net: NetName=ADC4 Pin=U1-27
Added Net: Name=ADC4
Added Pin To Net: NetName=ADC5 Pin=U1-28
Added Net: Name=ADC5
Added Pin To Net: NetName=ADC6 Pin=U1-19
Added Net: Name=ADC6
Added Pin To Net: NetName=ADC7 Pin=U1-22
Added Net: Name=ADC7
Added Net: Name=CANH
Added Net: Name=CANL
Added Pin To Net: NetName=D0 Pin=U1-30
Added Net: Name=D0
Added Pin To Net: NetName=D1 Pin=U1-31
Added Net: Name=D1
Added Pin To Net: NetName=D2 Pin=U1-32
Added Net: Name=D2
Added Pin To Net: NetName=D3 Pin=U1-1
Added Net: Name=D3
Added Pin To Net: NetName=D4 Pin=U1-2
Added Net: Name=D4
Added Pin To Net: NetName=D5 Pin=U1-9
Added Net: Name=D5
Added Pin To Net: NetName=D6 Pin=U1-10
Added Net: Name=D6
Added Pin To Net: NetName=D7 Pin=U1-11
Added Net: Name=D7
Added Pin To Net: NetName=D8 Pin=U1-12
Added Net: Name=D8
Added Pin To Net: NetName=D9 Pin=U1-13
Added Net: Name=D9
Added Pin To Net: NetName=D10 Pin=U1-14
Added Net: Name=D10
Added Pin To Net: NetName=D11/MOSI Pin=P1-5
Added Pin To Net: NetName=D11/MOSI Pin=U1-15
Added Net: Name=D11/MOSI
Added Pin To Net: NetName=D12/MISO Pin=P1-1
Added Pin To Net: NetName=D12/MISO Pin=U1-16
Added Net: Name=D12/MISO
Added Pin To Net: NetName=D13/SCK Pin=P1-2
Added Pin To Net: NetName=D13/SCK Pin=U1-17
Added Net: Name=D13/SCK
Added Pin To Net: NetName=GND Pin=C1-2
Added Pin To Net: NetName=GND Pin=C1-2
Added Pin To Net: NetName=GND Pin=C2-2
Added Pin To Net: NetName=GND Pin=C2-2
Added Pin To Net: NetName=GND Pin=C3-2
Added Pin To Net: NetName=GND Pin=C4-2
Added Pin To Net: NetName=GND Pin=C5-2
Added Pin To Net: NetName=GND Pin=C6-2
Added Pin To Net: NetName=GND Pin=C7-2
Added Pin To Net: NetName=GND Pin=J1-5
Added Pin To Net: NetName=GND Pin=P1-6
Added Pin To Net: NetName=GND Pin=U1-3
Added Pin To Net: NetName=GND Pin=U1-5
Added Pin To Net: NetName=GND Pin=U1-21
Added Pin To Net: NetName=GND Pin=U2-1
Added Pin To Net: NetName=GND Pin=U4-7
Added Pin To Net: NetName=GND Pin=U4-18
Added Pin To Net: NetName=GND Pin=U4-21
Added Pin To Net: NetName=GND Pin=U4-25
Added Pin To Net: NetName=GND Pin=U4-26
Added Net: Name=GND
Added Net: Name=INT CAN
Added Net: Name=MCP_CS
Added Pin To Net: NetName=NetC3_1 Pin=C3-1
Added Pin To Net: NetName=NetC3_1 Pin=U1-20
Added Net: Name=NetC3_1
Added Pin To Net: NetName=NetC8_2 Pin=C8-2
Added Pin To Net: NetName=NetC8_2 Pin=U4-19
Added Net: Name=NetC8_2
Added Pin To Net: NetName=NetD1_2 Pin=D1-2
Added Net: Name=NetD1_2
Added Pin To Net: NetName=NetD3_2 Pin=D3-2
Added Net: Name=NetD3_2
Added Pin To Net: NetName=NetD4_2 Pin=D4-2
Added Net: Name=NetD4_2
Added Pin To Net: NetName=NetF1_2 Pin=F1-2
Added Pin To Net: NetName=NetF1_2 Pin=J1-1
Added Net: Name=NetF1_2
Added Net: Name=NetR5_1
Added Net: Name=NetR7_1
Added Pin To Net: NetName=NetR8_2 Pin=U4-23
Added Net: Name=NetR8_2
Added Pin To Net: NetName=NetR9_2 Pin=U4-22
Added Net: Name=NetR9_2
Added Pin To Net: NetName=NetU1_7 Pin=U1-7
Added Net: Name=NetU1_7
Added Pin To Net: NetName=NetU1_8 Pin=U1-8
Added Net: Name=NetU1_8
Added Net: Name=NetU3_1
Added Net: Name=NetU3_4
Added Net: Name=NetU5_7
Added Net: Name=NetU5_8
Added Pin To Net: NetName=RESET Pin=C8-1
Added Pin To Net: NetName=RESET Pin=P1-3
Added Pin To Net: NetName=RESET Pin=U1-29
Added Net: Name=RESET
Added Pin To Net: NetName=RXD Pin=P2-2
Added Pin To Net: NetName=RXD Pin=U4-5
Added Net: Name=RXD
Added Pin To Net: NetName=TXD Pin=P2-1
Added Pin To Net: NetName=TXD Pin=U4-1
Added Net: Name=TXD
Added Pin To Net: NetName=USBD+ Pin=J1-3
Added Pin To Net: NetName=USBD+ Pin=U4-15
Added Net: Name=USBD+
Added Pin To Net: NetName=USBD- Pin=J1-2
Added Pin To Net: NetName=USBD- Pin=U4-16
Added Net: Name=USBD-
Added Pin To Net: NetName=VIN Pin=U2-3
Added Net: Name=VIN
Added Pin To Net: NetName=VUSB Pin=C1-1
Added Pin To Net: NetName=VUSB Pin=C2-1
Added Pin To Net: NetName=VUSB Pin=D2-1
Added Pin To Net: NetName=VUSB Pin=F1-1
Added Net: Name=VUSB
Added Class: Name=Candunio
Added Room: Name=Candunio
