Change Component Designator: Old Designator=C? New Designator=C1
Change Component Designator: Old Designator=C? New Designator=C2
Change Component Designator: Old Designator=C? New Designator=C3
Change Component Designator: Old Designator=C? New Designator=C4
Change Component Designator: Old Designator=C? New Designator=C5
Change Component Designator: Old Designator=C? New Designator=C6
Change Component Designator: Old Designator=C? New Designator=C7
Change Component Designator: Old Designator=C? New Designator=C8
Change Component Designator: Old Designator=D13 New Designator=D1
Change Component Designator: Old Designator=D13 New Designator=D3
Change Component Designator: Old Designator=D13 New Designator=D4
Change Component Designator: Old Designator=D? New Designator=D2
Change Component Designator: Old Designator=J? New Designator=J1
Change Component Designator: Old Designator=P? New Designator=P1
Change Component Designator: Old Designator=R46 New Designator=R5
Change Component Designator: Old Designator=R47 New Designator=R6
Change Component Designator: Old Designator=R48 New Designator=R7
Change Component Designator: Old Designator=R49 New Designator=R1
Change Component Designator: Old Designator=R49 New Designator=R2
Change Component Designator: Old Designator=R49 New Designator=R3
Change Component Designator: Old Designator=R49 New Designator=R4
Change Component Designator: Old Designator=R49 New Designator=R8
Change Component Designator: Old Designator=R49 New Designator=R9
Change Component Designator: Old Designator=U4 New Designator=U3
Change Component Designator: Old Designator=U6 New Designator=U5
Change Component Designator: Old Designator=U? New Designator=U1
Change Component Designator: Old Designator=U? New Designator=U2
Change Component Designator: Old Designator=U? New Designator=U4
Change Component Designator: Old Designator=Y1 New Designator=Y2
