Change Physical Footprint: Designator=D1 Old Footprint=LEDC3216X120NRED New Footprint=LEDC3216X120NRED
Change Physical Footprint: Designator=D2 Old Footprint=LEDC3216X120NGRN New Footprint=LEDC3216X120NGRN
Change Physical Footprint: Designator=D3 Old Footprint=LEDC3216X120NYEL New Footprint=LEDC3216X120NYEL
Change Physical Footprint: Designator=D4 Old Footprint=DO-220AA New Footprint=DO-220AA
Change Physical Footprint: Designator=D5 Old Footprint=LEDC3216X120NYEL New Footprint=LEDC3216X120NYEL
Change Physical Footprint: Designator=D6 Old Footprint=LEDC3216X120NYEL New Footprint=LEDC3216X120NYEL
Change Physical Footprint: Designator=D7 Old Footprint=LEDC3216X120NYEL New Footprint=LEDC3216X120NYEL
Change Physical Footprint: Designator=F1 Old Footprint=FUSC4632X85N New Footprint=FUSC4632X85N
Change Physical Footprint: Designator=J1 Old Footprint=1050170001 New Footprint=1050170001
Change Physical Footprint: Designator=P1 Old Footprint=Pin Header 2x3 TH Pitch 2.54mm New Footprint=Pin Header 2x3 TH Pitch 2.54mm
Change Physical Footprint: Designator=R1 Old Footprint=RESC3216X60N New Footprint=RESC3216X60N
Change Physical Footprint: Designator=R2 Old Footprint=RESC3216X60N New Footprint=RESC3216X60N
Change Physical Footprint: Designator=R3 Old Footprint=RESC3216X60N New Footprint=RESC3216X60N
Change Physical Footprint: Designator=R4 Old Footprint=RESC3216X60N New Footprint=RESC3216X60N
Change Physical Footprint: Designator=R5 Old Footprint=RESC3216X60N New Footprint=RESC3216X60N
Change Physical Footprint: Designator=R6 Old Footprint=RESC3216X60N New Footprint=RESC3216X60N
Change Physical Footprint: Designator=R7 Old Footprint=RESC3216X60N New Footprint=RESC3216X60N
Change Physical Footprint: Designator=R8 Old Footprint=RESC3216X60N New Footprint=RESC3216X60N
Change Physical Footprint: Designator=R9 Old Footprint=RESC3216X60N New Footprint=RESC3216X60N
Change Physical Footprint: Designator=R10 Old Footprint=RESC3216X60N New Footprint=RESC3216X60N
Change Physical Footprint: Designator=R11 Old Footprint=RESC3216X60N New Footprint=RESC3216X60N
Change Physical Footprint: Designator=R12 Old Footprint=RESC3216X60N New Footprint=RESC3216X60N
Change Physical Footprint: Designator=S1 Old Footprint=SMDswitch_1206 New Footprint=SMDswitch_1206
Change Physical Footprint: Designator=U1 Old Footprint=QFP80P900X900X120-32N New Footprint=QFP80P900X900X120-32N
Change Physical Footprint: Designator=U2 Old Footprint=SOT230P700X180-4N New Footprint=SOT230P700X180-4N
Change Physical Footprint: Designator=U3 Old Footprint=SOIC127P600X175-8N New Footprint=SOIC127P600X175-8N
Change Physical Footprint: Designator=U4 Old Footprint=SOP65P780X200-28N New Footprint=SOP65P780X200-28N
Change Physical Footprint: Designator=U5 Old Footprint=SOIC127P1030X265-18N New Footprint=SOIC127P1030X265-18N
Change Physical Footprint: Designator=Y1 Old Footprint=CSTCE_G New Footprint=CSTCE_G
Change Physical Footprint: Designator=Y2 Old Footprint=CSTCE_G New Footprint=CSTCE_G
